{
  "0 debug pnpm:scope": {
    "selected": 1
  },
  "1 error pnpm": {
    "code": "ELIFECYCLE",
    "errno": "ENOENT",
    "syscall": "spawn",
    "file": "sh",
    "pkgid": "lit.dev@0.0.0",
    "stage": "bootstrap",
    "script": "lerna bootstrap --ci",
    "pkgname": "lit.dev",
    "err": {
      "name": "pnpm",
      "message": "lit.dev@0.0.0 bootstrap: `lerna bootstrap --ci`\nspawn ENOENT",
      "code": "ELIFECYCLE",
      "stack": "pnpm: lit.dev@0.0.0 bootstrap: `lerna bootstrap --ci`\nspawn ENOENT\n    at ChildProcess.<anonymous> (/usr/local/lib/node_modules/pnpm/dist/pnpm.cjs:92290:22)\n    at ChildProcess.emit (node:events:526:28)\n    at maybeClose (node:internal/child_process:1092:16)\n    at Process.ChildProcess._handle.onexit (node:internal/child_process:302:5)"
    }
  },
  "2 warn pnpm:global": " Local package.json exists, but node_modules missing, did you mean to install?"
}